<?xml version="1.0" encoding="UTF-8"?>
<!-- Generated by org.testng.reporters.JUnitReportReporter -->
<testsuite skipped="0" hostname="MDB22LT506" name="com.ether.runner.CucumberTestRunner" tests="2" failures="0" timestamp="11 Jun 2020 06:34:56 GMT" time="86.216" errors="0">
  <testcase name="feature" time="29.874" classname="com.ether.runner.CucumberTestRunner"/>
  <testcase name="feature" time="56.342" classname="com.ether.runner.CucumberTestRunner"/>
</testsuite> <!-- com.ether.runner.CucumberTestRunner -->
